<?xml version="1.0" encoding="UTF-8"?>
<!-- Generated by org.testng.reporters.JUnitXMLReporter -->
<testsuite ignored="0" hostname="Siddhants-MacBook-Air.local" failures="0" tests="4" name="Surefire test" time="0.063" errors="0" timestamp="2025-08-11T08:38:16 IST">
  <testcase classname="com.apiautomation.framework.tests.MinimalWorkingTest" name="testArrayOperation" time="0.021"/>
  <testcase classname="com.apiautomation.framework.tests.MinimalWorkingTest" name="testBasicAssertion" time="0.0"/>
  <testcase classname="com.apiautomation.framework.tests.MinimalWorkingTest" name="testMathOperation" time="0.001"/>
  <testcase classname="com.apiautomation.framework.tests.MinimalWorkingTest" name="testStringComparison" time="0.001"/>
</testsuite> <!-- Surefire test -->
