<?xml version="1.0" encoding="UTF-8"?>
<testng-results ignored="0" total="4" passed="4" failed="0" skipped="0">
  <reporter-output>
  </reporter-output>
  <suite started-at="2025-08-11T08:38:16 IST" name="Surefire suite" finished-at="2025-08-11T08:38:16 IST" duration-ms="63">
    <groups>
    </groups>
    <test started-at="2025-08-11T08:38:16 IST" name="Surefire test" finished-at="2025-08-11T08:38:16 IST" duration-ms="63">
      <class name="com.apiautomation.framework.tests.MinimalWorkingTest">
        <test-method signature="testArrayOperation()[pri:0, instance:com.apiautomation.framework.tests.MinimalWorkingTest@7393222f]" started-at="2025-08-11T08:38:16 IST" name="testArrayOperation" finished-at="2025-08-11T08:38:16 IST" duration-ms="21" status="PASS">
          <reporter-output>
          </reporter-output>
        </test-method> <!-- testArrayOperation -->
        <test-method signature="testBasicAssertion()[pri:0, instance:com.apiautomation.framework.tests.MinimalWorkingTest@7393222f]" started-at="2025-08-11T08:38:16 IST" name="testBasicAssertion" finished-at="2025-08-11T08:38:16 IST" duration-ms="0" status="PASS">
          <reporter-output>
          </reporter-output>
        </test-method> <!-- testBasicAssertion -->
        <test-method signature="testMathOperation()[pri:0, instance:com.apiautomation.framework.tests.MinimalWorkingTest@7393222f]" started-at="2025-08-11T08:38:16 IST" name="testMathOperation" finished-at="2025-08-11T08:38:16 IST" duration-ms="1" status="PASS">
          <reporter-output>
          </reporter-output>
        </test-method> <!-- testMathOperation -->
        <test-method signature="testStringComparison()[pri:0, instance:com.apiautomation.framework.tests.MinimalWorkingTest@7393222f]" started-at="2025-08-11T08:38:16 IST" name="testStringComparison" finished-at="2025-08-11T08:38:16 IST" duration-ms="1" status="PASS">
          <reporter-output>
          </reporter-output>
        </test-method> <!-- testStringComparison -->
      </class> <!-- com.apiautomation.framework.tests.MinimalWorkingTest -->
    </test> <!-- Surefire test -->
  </suite> <!-- Surefire suite -->
</testng-results>
