<?xml version="1.0" encoding="UTF-8"?>
<testsuite xmlns:xsi="http://www.w3.org/2001/XMLSchema-instance" xsi:noNamespaceSchemaLocation="https://maven.apache.org/surefire/maven-surefire-plugin/xsd/surefire-test-report-3.0.xsd" version="3.0" name="com.apiautomation.framework.tests.MinimalWorkingTest" time="0.394" tests="4" errors="0" skipped="0" failures="0">
  <properties>
[...]
</properties>
  <testcase name="testArrayOperation" classname="com.apiautomation.framework.tests.MinimalWorkingTest" time="0.042">
    <system-out><![CDATA[08:38:16,054 |-INFO in ch.qos.logback.classic.LoggerContext[default] - This is logback-classic version 1.4.7
08:38:16,071 |-INFO in ch.qos.logback.classic.LoggerContext[default] - Could NOT find resource [logback-test.xml]
08:38:16,073 |-INFO in ch.qos.logback.classic.LoggerContext[default] - Found resource [logback.xml] at [file:/Users/siddhantarora/APIAutomationFrameworkWithAI/target/test-classes/logback.xml]
08:38:16,127 |-INFO in ch.qos.logback.core.model.processor.AppenderModelHandler - Processing appender named [CONSOLE]
08:38:16,127 |-INFO in ch.qos.logback.core.model.processor.AppenderModelHandler - About to instantiate appender of type [ch.qos.logback.core.ConsoleAppender]
08:38:16,129 |-INFO in ch.qos.logback.core.model.processor.ImplicitModelHandler - Assuming default type [ch.qos.logback.classic.encoder.PatternLayoutEncoder] for [encoder] property
08:38:16,141 |-INFO in ch.qos.logback.core.model.processor.AppenderModelHandler - Processing appender named [FILE]
08:38:16,141 |-INFO in ch.qos.logback.core.model.processor.AppenderModelHandler - About to instantiate appender of type [ch.qos.logback.core.rolling.RollingFileAppender]
08:38:16,146 |-INFO in c.q.l.core.rolling.TimeBasedRollingPolicy@1226020905 - No compression will be used
08:38:16,146 |-INFO in c.q.l.core.rolling.TimeBasedRollingPolicy@1226020905 - Will use the pattern target/test.%d{yyyy-MM-dd}.%i.log for the active file
08:38:16,157 |-INFO in ch.qos.logback.core.rolling.SizeAndTimeBasedFNATP@9597028 - The date pattern is 'yyyy-MM-dd' from file name pattern 'target/test.%d{yyyy-MM-dd}.%i.log'.
08:38:16,157 |-INFO in ch.qos.logback.core.rolling.SizeAndTimeBasedFNATP@9597028 - Roll-over at midnight.
08:38:16,161 |-INFO in ch.qos.logback.core.rolling.SizeAndTimeBasedFNATP@9597028 - Setting initial period to 2025-08-11T03:08:16.160Z
08:38:16,161 |-WARN in ch.qos.logback.core.rolling.SizeAndTimeBasedFNATP@9597028 - SizeAndTimeBasedFNATP is deprecated. Use SizeAndTimeBasedRollingPolicy instead
08:38:16,161 |-WARN in ch.qos.logback.core.rolling.SizeAndTimeBasedFNATP@9597028 - For more information see http://logback.qos.ch/manual/appenders.html#SizeAndTimeBasedRollingPolicy
08:38:16,162 |-INFO in ch.qos.logback.core.model.processor.ImplicitModelHandler - Assuming default type [ch.qos.logback.classic.encoder.PatternLayoutEncoder] for [encoder] property
08:38:16,163 |-INFO in ch.qos.logback.core.rolling.RollingFileAppender[FILE] - Active log file name: target/test.log
08:38:16,163 |-INFO in ch.qos.logback.core.rolling.RollingFileAppender[FILE] - File property is set to [target/test.log]
08:38:16,164 |-WARN in ch.qos.logback.core.model.processor.AppenderModelHandler - Appender named [ALLURE] not referenced. Skipping further processing.
08:38:16,164 |-INFO in ch.qos.logback.classic.model.processor.RootLoggerModelHandler - Setting level of ROOT logger to INFO
08:38:16,164 |-INFO in ch.qos.logback.core.model.processor.AppenderRefModelHandler - Attaching appender named [CONSOLE] to Logger[ROOT]
08:38:16,164 |-INFO in ch.qos.logback.core.model.processor.AppenderRefModelHandler - Attaching appender named [FILE] to Logger[ROOT]
08:38:16,164 |-INFO in ch.qos.logback.classic.model.processor.LoggerModelHandler - Setting level of logger [com.apiautomation.framework] to DEBUG
08:38:16,165 |-INFO in ch.qos.logback.classic.model.processor.LoggerModelHandler - Setting level of logger [io.restassured] to INFO
08:38:16,165 |-INFO in ch.qos.logback.classic.model.processor.LoggerModelHandler - Setting level of logger [org.testng] to INFO
08:38:16,165 |-INFO in ch.qos.logback.classic.model.processor.LoggerModelHandler - Setting level of logger [io.qameta.allure] to INFO
08:38:16,165 |-INFO in ch.qos.logback.classic.model.processor.LoggerModelHandler - Setting level of logger [org.apache.http] to WARN
08:38:16,165 |-INFO in ch.qos.logback.classic.model.processor.LoggerModelHandler - Setting level of logger [org.apache.http.wire] to WARN
08:38:16,165 |-INFO in ch.qos.logback.core.model.processor.DefaultProcessor@6069db50 - End of configuration.
08:38:16,165 |-INFO in ch.qos.logback.classic.joran.JoranConfigurator@4efbca5a - Registering current configuration as safe fallback point

✅ Array operation test passed!
]]></system-out>
  </testcase>
  <testcase name="testBasicAssertion" classname="com.apiautomation.framework.tests.MinimalWorkingTest" time="0.003">
    <system-out><![CDATA[✅ Basic assertion test passed!
]]></system-out>
  </testcase>
  <testcase name="testMathOperation" classname="com.apiautomation.framework.tests.MinimalWorkingTest" time="0.001">
    <system-out><![CDATA[✅ Math operation test passed!
]]></system-out>
  </testcase>
  <testcase name="testStringComparison" classname="com.apiautomation.framework.tests.MinimalWorkingTest" time="0.002">
    <system-out><![CDATA[✅ String comparison test passed!
]]></system-out>
  </testcase>
</testsuite>